2019-05-15 23:17:57 - open wlp2s0 fail -> wlp2s0: You don't have permission to capture on that device (socket: Operation not permitted)
2019-05-15 23:18:21 - Pcap is listening...
2019-05-15 23:18:47 - Pcap stop listening
2019-05-15 23:18:47 - path:/home/oana/Desktop/thesis/Thesis/Actual code/CICFlowMeter-4.0/bin/data/daily/2019-05-15_Flow.csv
2019-05-15 23:19:15 - Pcap is listening...
2019-05-15 23:19:40 - Pcap stop listening
2019-05-15 23:19:40 - path:/home/oana/Desktop/thesis/Thesis/Actual code/CICFlowMeter-4.0/bin/data/daily/2019-05-15_Flow.csv
2019-05-15 23:19:47 - path:/home/oana/Desktop/thesis/Thesis/Actual code/CICFlowMeter-4.0/bin/data/daily/2019-05-15_Flow.csv
2019-05-16 01:44:03 - Please select pcap!
2019-05-16 01:53:25 - Pcap is listening...
2019-05-16 01:53:35 - Pcap is listening...
2019-05-16 01:57:27 - Pcap stop listening
2019-05-16 01:57:27 - path:/home/oana/Desktop/thesis/Thesis/Actual code/CICFlowMeter-4.0/bin/data/daily/2019-05-16_Flow.csv
2019-05-16 01:57:35 - Pcap stop listening
2019-05-16 01:57:35 - path:/home/oana/Desktop/thesis/Thesis/Actual code/CICFlowMeter-4.0/bin/data/daily/2019-05-16_Flow.csv
2019-05-16 01:58:39 - Pcap is listening...
2019-05-16 02:17:53 - Pcap stop listening
2019-05-16 02:17:53 - path:/home/oana/Desktop/thesis/Thesis/Actual code/CICFlowMeter-4.0/bin/data/daily/2019-05-16_Flow.csv
2019-05-16 04:08:29 - open wlp2s0 fail -> wlp2s0: You don't have permission to capture on that device (socket: Operation not permitted)
2019-05-16 04:31:29 - Pcap is listening...
2019-05-16 04:36:10 - Pcap is listening...
2019-05-16 04:38:53 - Pcap is listening...
2019-05-16 04:40:06 - Pcap stop listening
2019-05-16 04:40:06 - path:/home/oana/Desktop/thesis/Thesis/Actual code/CICFlowMeter-4.0/bin/data/daily/2019-05-16_Flow.csv
2019-05-16 04:41:40 - Pcap is listening...
2019-05-16 04:42:10 - Pcap is listening...
2019-05-16 04:42:40 - open usbmon2 fail -> usbmon2: Can't open USB bus file /sys/kernel/debug/usbmon/2t: No such file or directory
2019-05-16 04:43:51 - Pcap is listening...
2019-05-16 04:44:21 - Pcap is listening...
2019-05-16 04:46:41 - Pcap is listening...
2019-05-16 04:47:10 - Pcap is listening...
2019-05-16 04:47:41 - Pcap is listening...
2019-05-16 04:49:17 - Pcap is listening...
2019-05-16 04:49:39 - Pcap is listening...
2019-05-16 04:49:45 - Pcap stop listening
2019-05-16 04:49:45 - path:/home/oana/Desktop/thesis/Thesis/Actual code/CICFlowMeter-4.0/bin/data/daily/2019-05-16_Flow.csv
2019-05-16 04:49:45 - path:/home/oana/Desktop/thesis/Thesis/Actual code/CICFlowMeter-4.0/bin/data/daily/2019-05-16_Flow.csv
2019-05-16 04:49:46 - path:/home/oana/Desktop/thesis/Thesis/Actual code/CICFlowMeter-4.0/bin/data/daily/2019-05-16_Flow.csv
2019-05-16 04:49:46 - path:/home/oana/Desktop/thesis/Thesis/Actual code/CICFlowMeter-4.0/bin/data/daily/2019-05-16_Flow.csv
2019-05-16 04:49:46 - path:/home/oana/Desktop/thesis/Thesis/Actual code/CICFlowMeter-4.0/bin/data/daily/2019-05-16_Flow.csv
2019-05-16 04:49:47 - path:/home/oana/Desktop/thesis/Thesis/Actual code/CICFlowMeter-4.0/bin/data/daily/2019-05-16_Flow.csv
2019-05-16 04:49:47 - path:/home/oana/Desktop/thesis/Thesis/Actual code/CICFlowMeter-4.0/bin/data/daily/2019-05-16_Flow.csv
2019-05-16 04:49:47 - path:/home/oana/Desktop/thesis/Thesis/Actual code/CICFlowMeter-4.0/bin/data/daily/2019-05-16_Flow.csv
2019-05-16 04:49:48 - path:/home/oana/Desktop/thesis/Thesis/Actual code/CICFlowMeter-4.0/bin/data/daily/2019-05-16_Flow.csv
2019-05-16 04:49:48 - path:/home/oana/Desktop/thesis/Thesis/Actual code/CICFlowMeter-4.0/bin/data/daily/2019-05-16_Flow.csv
2019-05-16 04:49:49 - path:/home/oana/Desktop/thesis/Thesis/Actual code/CICFlowMeter-4.0/bin/data/daily/2019-05-16_Flow.csv
2019-05-16 04:49:49 - path:/home/oana/Desktop/thesis/Thesis/Actual code/CICFlowMeter-4.0/bin/data/daily/2019-05-16_Flow.csv
2019-05-16 04:49:49 - path:/home/oana/Desktop/thesis/Thesis/Actual code/CICFlowMeter-4.0/bin/data/daily/2019-05-16_Flow.csv
2019-05-16 04:49:50 - path:/home/oana/Desktop/thesis/Thesis/Actual code/CICFlowMeter-4.0/bin/data/daily/2019-05-16_Flow.csv
2019-05-16 04:49:50 - path:/home/oana/Desktop/thesis/Thesis/Actual code/CICFlowMeter-4.0/bin/data/daily/2019-05-16_Flow.csv
2019-05-16 04:49:51 - path:/home/oana/Desktop/thesis/Thesis/Actual code/CICFlowMeter-4.0/bin/data/daily/2019-05-16_Flow.csv
2019-05-16 04:49:51 - path:/home/oana/Desktop/thesis/Thesis/Actual code/CICFlowMeter-4.0/bin/data/daily/2019-05-16_Flow.csv
2019-05-16 04:49:51 - path:/home/oana/Desktop/thesis/Thesis/Actual code/CICFlowMeter-4.0/bin/data/daily/2019-05-16_Flow.csv
2019-05-16 04:49:52 - path:/home/oana/Desktop/thesis/Thesis/Actual code/CICFlowMeter-4.0/bin/data/daily/2019-05-16_Flow.csv
2019-05-16 04:49:52 - path:/home/oana/Desktop/thesis/Thesis/Actual code/CICFlowMeter-4.0/bin/data/daily/2019-05-16_Flow.csv
2019-05-16 04:49:52 - path:/home/oana/Desktop/thesis/Thesis/Actual code/CICFlowMeter-4.0/bin/data/daily/2019-05-16_Flow.csv
2019-05-16 04:49:53 - path:/home/oana/Desktop/thesis/Thesis/Actual code/CICFlowMeter-4.0/bin/data/daily/2019-05-16_Flow.csv
2019-05-16 04:49:53 - path:/home/oana/Desktop/thesis/Thesis/Actual code/CICFlowMeter-4.0/bin/data/daily/2019-05-16_Flow.csv
2019-05-16 04:49:54 - path:/home/oana/Desktop/thesis/Thesis/Actual code/CICFlowMeter-4.0/bin/data/daily/2019-05-16_Flow.csv
2019-05-16 04:49:54 - path:/home/oana/Desktop/thesis/Thesis/Actual code/CICFlowMeter-4.0/bin/data/daily/2019-05-16_Flow.csv
2019-05-16 04:49:54 - path:/home/oana/Desktop/thesis/Thesis/Actual code/CICFlowMeter-4.0/bin/data/daily/2019-05-16_Flow.csv
2019-05-16 04:49:55 - path:/home/oana/Desktop/thesis/Thesis/Actual code/CICFlowMeter-4.0/bin/data/daily/2019-05-16_Flow.csv
2019-05-16 04:49:55 - path:/home/oana/Desktop/thesis/Thesis/Actual code/CICFlowMeter-4.0/bin/data/daily/2019-05-16_Flow.csv
2019-05-16 04:49:56 - path:/home/oana/Desktop/thesis/Thesis/Actual code/CICFlowMeter-4.0/bin/data/daily/2019-05-16_Flow.csv
2019-05-16 04:49:56 - path:/home/oana/Desktop/thesis/Thesis/Actual code/CICFlowMeter-4.0/bin/data/daily/2019-05-16_Flow.csv
2019-05-16 04:49:56 - path:/home/oana/Desktop/thesis/Thesis/Actual code/CICFlowMeter-4.0/bin/data/daily/2019-05-16_Flow.csv
2019-05-16 04:49:57 - path:/home/oana/Desktop/thesis/Thesis/Actual code/CICFlowMeter-4.0/bin/data/daily/2019-05-16_Flow.csv
2019-05-16 04:49:57 - path:/home/oana/Desktop/thesis/Thesis/Actual code/CICFlowMeter-4.0/bin/data/daily/2019-05-16_Flow.csv
2019-05-16 04:49:58 - path:/home/oana/Desktop/thesis/Thesis/Actual code/CICFlowMeter-4.0/bin/data/daily/2019-05-16_Flow.csv
2019-05-16 04:49:59 - path:/home/oana/Desktop/thesis/Thesis/Actual code/CICFlowMeter-4.0/bin/data/daily/2019-05-16_Flow.csv
2019-05-16 04:49:59 - path:/home/oana/Desktop/thesis/Thesis/Actual code/CICFlowMeter-4.0/bin/data/daily/2019-05-16_Flow.csv
2019-05-16 04:49:59 - path:/home/oana/Desktop/thesis/Thesis/Actual code/CICFlowMeter-4.0/bin/data/daily/2019-05-16_Flow.csv
2019-05-16 04:50:00 - path:/home/oana/Desktop/thesis/Thesis/Actual code/CICFlowMeter-4.0/bin/data/daily/2019-05-16_Flow.csv
2019-05-16 04:50:00 - path:/home/oana/Desktop/thesis/Thesis/Actual code/CICFlowMeter-4.0/bin/data/daily/2019-05-16_Flow.csv
2019-05-16 04:50:01 - path:/home/oana/Desktop/thesis/Thesis/Actual code/CICFlowMeter-4.0/bin/data/daily/2019-05-16_Flow.csv
2019-05-16 04:50:01 - path:/home/oana/Desktop/thesis/Thesis/Actual code/CICFlowMeter-4.0/bin/data/daily/2019-05-16_Flow.csv
2019-05-16 04:50:01 - path:/home/oana/Desktop/thesis/Thesis/Actual code/CICFlowMeter-4.0/bin/data/daily/2019-05-16_Flow.csv
2019-05-16 04:50:02 - path:/home/oana/Desktop/thesis/Thesis/Actual code/CICFlowMeter-4.0/bin/data/daily/2019-05-16_Flow.csv
2019-05-16 04:50:02 - path:/home/oana/Desktop/thesis/Thesis/Actual code/CICFlowMeter-4.0/bin/data/daily/2019-05-16_Flow.csv
2019-05-16 04:50:02 - path:/home/oana/Desktop/thesis/Thesis/Actual code/CICFlowMeter-4.0/bin/data/daily/2019-05-16_Flow.csv
2019-05-16 04:50:03 - path:/home/oana/Desktop/thesis/Thesis/Actual code/CICFlowMeter-4.0/bin/data/daily/2019-05-16_Flow.csv
2019-05-16 04:50:03 - path:/home/oana/Desktop/thesis/Thesis/Actual code/CICFlowMeter-4.0/bin/data/daily/2019-05-16_Flow.csv
2019-05-16 04:50:04 - path:/home/oana/Desktop/thesis/Thesis/Actual code/CICFlowMeter-4.0/bin/data/daily/2019-05-16_Flow.csv
2019-05-16 04:50:04 - path:/home/oana/Desktop/thesis/Thesis/Actual code/CICFlowMeter-4.0/bin/data/daily/2019-05-16_Flow.csv
2019-05-16 04:50:04 - path:/home/oana/Desktop/thesis/Thesis/Actual code/CICFlowMeter-4.0/bin/data/daily/2019-05-16_Flow.csv
2019-05-16 04:50:05 - path:/home/oana/Desktop/thesis/Thesis/Actual code/CICFlowMeter-4.0/bin/data/daily/2019-05-16_Flow.csv
2019-05-16 04:50:05 - path:/home/oana/Desktop/thesis/Thesis/Actual code/CICFlowMeter-4.0/bin/data/daily/2019-05-16_Flow.csv
2019-05-16 04:50:06 - path:/home/oana/Desktop/thesis/Thesis/Actual code/CICFlowMeter-4.0/bin/data/daily/2019-05-16_Flow.csv
2019-05-16 04:50:06 - path:/home/oana/Desktop/thesis/Thesis/Actual code/CICFlowMeter-4.0/bin/data/daily/2019-05-16_Flow.csv
2019-05-16 04:50:06 - path:/home/oana/Desktop/thesis/Thesis/Actual code/CICFlowMeter-4.0/bin/data/daily/2019-05-16_Flow.csv
2019-05-16 04:50:07 - path:/home/oana/Desktop/thesis/Thesis/Actual code/CICFlowMeter-4.0/bin/data/daily/2019-05-16_Flow.csv
2019-05-16 04:50:07 - path:/home/oana/Desktop/thesis/Thesis/Actual code/CICFlowMeter-4.0/bin/data/daily/2019-05-16_Flow.csv
2019-05-16 04:50:07 - path:/home/oana/Desktop/thesis/Thesis/Actual code/CICFlowMeter-4.0/bin/data/daily/2019-05-16_Flow.csv
2019-05-16 04:50:08 - path:/home/oana/Desktop/thesis/Thesis/Actual code/CICFlowMeter-4.0/bin/data/daily/2019-05-16_Flow.csv
2019-05-16 04:50:09 - path:/home/oana/Desktop/thesis/Thesis/Actual code/CICFlowMeter-4.0/bin/data/daily/2019-05-16_Flow.csv
2019-05-16 04:50:40 - path:/home/oana/Desktop/thesis/Thesis/Actual code/CICFlowMeter-4.0/bin/data/daily/2019-05-16_Flow.csv
2019-05-16 04:50:40 - path:/home/oana/Desktop/thesis/Thesis/Actual code/CICFlowMeter-4.0/bin/data/daily/2019-05-16_Flow.csv
2019-05-16 04:50:41 - path:/home/oana/Desktop/thesis/Thesis/Actual code/CICFlowMeter-4.0/bin/data/daily/2019-05-16_Flow.csv
2019-05-16 04:50:42 - path:/home/oana/Desktop/thesis/Thesis/Actual code/CICFlowMeter-4.0/bin/data/daily/2019-05-16_Flow.csv
2019-05-16 04:50:43 - path:/home/oana/Desktop/thesis/Thesis/Actual code/CICFlowMeter-4.0/bin/data/daily/2019-05-16_Flow.csv
2019-05-16 04:50:45 - path:/home/oana/Desktop/thesis/Thesis/Actual code/CICFlowMeter-4.0/bin/data/daily/2019-05-16_Flow.csv
2019-05-16 04:50:46 - path:/home/oana/Desktop/thesis/Thesis/Actual code/CICFlowMeter-4.0/bin/data/daily/2019-05-16_Flow.csv
2019-05-16 04:50:47 - path:/home/oana/Desktop/thesis/Thesis/Actual code/CICFlowMeter-4.0/bin/data/daily/2019-05-16_Flow.csv
2019-05-16 04:50:47 - path:/home/oana/Desktop/thesis/Thesis/Actual code/CICFlowMeter-4.0/bin/data/daily/2019-05-16_Flow.csv
2019-05-16 04:50:48 - path:/home/oana/Desktop/thesis/Thesis/Actual code/CICFlowMeter-4.0/bin/data/daily/2019-05-16_Flow.csv
2019-05-16 04:50:48 - path:/home/oana/Desktop/thesis/Thesis/Actual code/CICFlowMeter-4.0/bin/data/daily/2019-05-16_Flow.csv
2019-05-16 04:50:48 - path:/home/oana/Desktop/thesis/Thesis/Actual code/CICFlowMeter-4.0/bin/data/daily/2019-05-16_Flow.csv
2019-05-16 04:50:49 - path:/home/oana/Desktop/thesis/Thesis/Actual code/CICFlowMeter-4.0/bin/data/daily/2019-05-16_Flow.csv
2019-05-16 04:50:49 - path:/home/oana/Desktop/thesis/Thesis/Actual code/CICFlowMeter-4.0/bin/data/daily/2019-05-16_Flow.csv
2019-05-16 04:50:49 - path:/home/oana/Desktop/thesis/Thesis/Actual code/CICFlowMeter-4.0/bin/data/daily/2019-05-16_Flow.csv
2019-05-16 04:50:50 - path:/home/oana/Desktop/thesis/Thesis/Actual code/CICFlowMeter-4.0/bin/data/daily/2019-05-16_Flow.csv
2019-05-16 04:50:50 - path:/home/oana/Desktop/thesis/Thesis/Actual code/CICFlowMeter-4.0/bin/data/daily/2019-05-16_Flow.csv
2019-05-16 04:50:51 - path:/home/oana/Desktop/thesis/Thesis/Actual code/CICFlowMeter-4.0/bin/data/daily/2019-05-16_Flow.csv
2019-05-16 04:50:51 - path:/home/oana/Desktop/thesis/Thesis/Actual code/CICFlowMeter-4.0/bin/data/daily/2019-05-16_Flow.csv
2019-05-16 04:51:06 - path:/home/oana/Desktop/thesis/Thesis/Actual code/CICFlowMeter-4.0/bin/data/daily/2019-05-16_Flow.csv
2019-05-16 04:51:06 - path:/home/oana/Desktop/thesis/Thesis/Actual code/CICFlowMeter-4.0/bin/data/daily/2019-05-16_Flow.csv
2019-05-16 04:51:07 - path:/home/oana/Desktop/thesis/Thesis/Actual code/CICFlowMeter-4.0/bin/data/daily/2019-05-16_Flow.csv
2019-05-16 04:51:07 - path:/home/oana/Desktop/thesis/Thesis/Actual code/CICFlowMeter-4.0/bin/data/daily/2019-05-16_Flow.csv
2019-05-16 04:51:08 - path:/home/oana/Desktop/thesis/Thesis/Actual code/CICFlowMeter-4.0/bin/data/daily/2019-05-16_Flow.csv
2019-05-16 04:51:11 - path:/home/oana/Desktop/thesis/Thesis/Actual code/CICFlowMeter-4.0/bin/data/daily/2019-05-16_Flow.csv
2019-05-16 04:51:12 - path:/home/oana/Desktop/thesis/Thesis/Actual code/CICFlowMeter-4.0/bin/data/daily/2019-05-16_Flow.csv
2019-05-16 04:51:12 - path:/home/oana/Desktop/thesis/Thesis/Actual code/CICFlowMeter-4.0/bin/data/daily/2019-05-16_Flow.csv
2019-05-16 04:51:12 - path:/home/oana/Desktop/thesis/Thesis/Actual code/CICFlowMeter-4.0/bin/data/daily/2019-05-16_Flow.csv
2019-05-16 04:51:13 - path:/home/oana/Desktop/thesis/Thesis/Actual code/CICFlowMeter-4.0/bin/data/daily/2019-05-16_Flow.csv
2019-05-16 04:51:13 - path:/home/oana/Desktop/thesis/Thesis/Actual code/CICFlowMeter-4.0/bin/data/daily/2019-05-16_Flow.csv
2019-05-16 04:51:14 - path:/home/oana/Desktop/thesis/Thesis/Actual code/CICFlowMeter-4.0/bin/data/daily/2019-05-16_Flow.csv
2019-05-16 04:51:14 - path:/home/oana/Desktop/thesis/Thesis/Actual code/CICFlowMeter-4.0/bin/data/daily/2019-05-16_Flow.csv
2019-05-16 04:51:18 - path:/home/oana/Desktop/thesis/Thesis/Actual code/CICFlowMeter-4.0/bin/data/daily/2019-05-16_Flow.csv
2019-05-16 04:51:18 - path:/home/oana/Desktop/thesis/Thesis/Actual code/CICFlowMeter-4.0/bin/data/daily/2019-05-16_Flow.csv
2019-05-21 22:45:01 - Pcap is listening...
2019-05-21 22:45:37 - Pcap stop listening
2019-05-21 22:45:37 - path:/home/oana/Desktop/thesis/Thesis/Actual code/CICFlowMeter-4.0/bin/data/daily/2019-05-21_Flow.csv
2019-05-27 17:25:13 - Pcap is listening...
2019-05-27 17:27:27 - Pcap stop listening
2019-05-27 17:27:27 - path:/home/oana/Desktop/thesis/Thesis/Actual code/CICFlowMeter-4.0/bin/data/daily/2019-05-27_Flow.csv
2019-05-27 18:33:37 - You select: traffic3.pcap
2019-05-27 18:33:37 - Out folder: traffic.csv
2019-05-27 18:33:37 - CICFlowMeter received 1 pcap file
2019-07-05 16:43:08 - You select: traffic2.pcap
2019-07-05 16:43:08 - Out folder: traffic2Flow.csv
2019-07-05 16:43:08 - CICFlowMeter received 1 pcap file
2019-07-05 16:44:35 - You select: traffic1.pcap
2019-07-05 16:44:35 - Out folder: traffic1Flow.csv
2019-07-05 16:44:35 - CICFlowMeter received 1 pcap file
2019-07-05 16:44:52 - You select: traffic2.pcap
2019-07-05 16:44:52 - Out folder: traffic2Flow.csv
2019-07-05 16:44:53 - CICFlowMeter received 1 pcap file
2019-07-05 16:51:54 - You select: traffic1.pcap
2019-07-05 16:51:54 - Out folder: traffic1Flow.csv
2019-07-05 16:51:54 - CICFlowMeter received 1 pcap file
2019-07-05 16:54:13 - You select: traffic1.pcap
2019-07-05 16:54:13 - Out folder: traffic1Flow.csv
2019-07-05 16:54:13 - CICFlowMeter received 1 pcap file
2019-07-05 16:54:30 - You select: traffic2.pcap
2019-07-05 16:54:30 - Out folder: traffic2Flow.csv
2019-07-05 16:54:30 - CICFlowMeter received 1 pcap file
2019-07-05 16:56:41 - You select: traffic1.pcap
2019-07-05 16:56:41 - Out folder: traffic1Flow.csv
2019-07-05 16:56:41 - CICFlowMeter received 1 pcap file
2019-07-05 16:56:59 - You select: traffic2.pcap
2019-07-05 16:56:59 - Out folder: traffic2Flow.csv
2019-07-05 16:56:59 - CICFlowMeter received 1 pcap file
2019-07-05 17:00:06 - You select: traffic1.pcap
2019-07-05 17:00:06 - Out folder: traffic1Flow.csv
2019-07-05 17:00:07 - CICFlowMeter received 1 pcap file
2019-07-05 17:00:26 - You select: traffic2.pcap
2019-07-05 17:00:26 - Out folder: traffic2Flow.csv
2019-07-05 17:00:26 - CICFlowMeter received 1 pcap file
2019-07-05 17:03:07 - You select: traffic2.pcap
2019-07-05 17:03:07 - Out folder: traffic2Flow.csv
2019-07-05 17:03:07 - CICFlowMeter received 1 pcap file
2019-07-05 17:04:32 - You select: traffic2.pcap
2019-07-05 17:04:32 - Out folder: traffic2Flow.csv
2019-07-05 17:04:32 - CICFlowMeter received 1 pcap file
2019-07-05 17:21:41 - The out folder does not exist! -> traffic2Flow.csv
2019-07-05 17:22:26 - The out folder does not exist! -> traffic2Flow.csv
2019-07-05 17:22:34 - The out folder does not exist! -> traffic1Flow.csv
2019-07-05 17:25:32 - The out folder does not exist! -> traffic1Flow.csv
2019-07-05 17:25:40 - The out folder does not exist! -> traffic2Flow.csv
2019-07-05 17:25:48 - The out folder does not exist! -> traffic1Flow.csv
2019-07-05 17:25:55 - The out folder does not exist! -> traffic2Flow.csv
2019-07-05 17:26:03 - The out folder does not exist! -> traffic1Flow.csv
2019-07-05 17:30:27 - The out folder does not exist! -> traffic2Flow.csv
2019-07-05 17:30:35 - The out folder does not exist! -> traffic1Flow.csv
2019-07-05 17:30:43 - The out folder does not exist! -> traffic1Flow.csv
2019-07-05 20:03:57 - The out folder does not exist! -> traffic1Flow.csv
2019-07-05 20:04:34 - The out folder does not exist! -> traffic1Flow.csv
2019-07-05 20:13:47 - The out folder does not exist! -> traffic1Flow.csv
2019-07-05 20:23:39 - The out folder does not exist! -> traffic2Flow.csv
2019-07-05 20:24:12 - The out folder does not exist! -> traffic2Flow.csv
2019-07-05 20:26:13 - You select: traffic2.pcap
2019-07-05 20:26:13 - Out folder: traffic2Flow.csv
2019-07-05 20:26:13 - CICFlowMeter received 1 pcap file
2019-07-05 20:26:41 - You select: traffic2.pcap
2019-07-05 20:26:41 - Out folder: traffic2Flow.csv
2019-07-05 20:26:41 - CICFlowMeter received 1 pcap file
2019-07-05 20:27:52 - The out folder does not exist! -> traffic1Flow.csv
2019-07-05 20:28:10 - The out folder does not exist! -> traffic2Flow.csv
2019-07-05 20:28:27 - The out folder does not exist! -> traffic1Flow.csv
2019-07-05 20:28:45 - The out folder does not exist! -> traffic2Flow.csv
2019-07-05 20:47:59 - The out folder does not exist! -> traffic1Flow.csv
2019-07-08 09:38:27 - The out folder does not exist! -> traffic2Flow.csv
2019-07-08 09:41:48 - The out folder does not exist! -> traffic1Flow.csv
2019-07-08 09:44:45 - The out folder does not exist! -> traffic2Flow.csv
2019-07-08 09:48:13 - open any fail -> any: You don't have permission to capture on that device (socket: Operation not permitted)
2019-07-08 09:48:36 - Pcap is listening...
2019-07-08 09:49:27 - Pcap stop listening
2019-07-08 09:49:27 - path:/home/oana/Desktop/thesis/Thesis/Actual code/CICFlowMeter-4.0/bin/data/daily/2019-07-08_Flow.csv
2019-07-08 09:51:45 - Pcap is listening...
2019-07-08 09:52:14 - Pcap stop listening
2019-07-08 09:52:14 - path:/home/oana/Desktop/thesis/Thesis/Actual code/CICFlowMeter-4.0/bin/data/daily/2019-07-08_Flow.csv
2019-07-08 10:47:47 - The out folder does not exist! -> traffic2Flow.csv
2019-07-08 10:48:41 - The out folder does not exist! -> traffic1Flow.csv
2019-07-08 10:51:44 - The out folder does not exist! -> traffic1Flow.csv
2019-07-08 11:27:16 - The out folder does not exist! -> traffic1Flow.csv
2019-07-08 11:29:54 - The out folder does not exist! -> traffic2Flow.csv
2019-07-08 11:30:39 - The out folder does not exist! -> traffic2Flow.csv
2019-07-08 11:30:51 - The out folder does not exist! -> traffic1Flow.csv
2019-07-08 11:31:04 - You select: traffic1.pcap
2019-07-08 11:31:04 - Out folder: traffic1Flow.csv
2019-07-08 11:31:04 - CICFlowMeter received 1 pcap file
2019-07-08 11:31:34 - You select: traffic1.pcap
2019-07-08 11:31:34 - Out folder: traffic1Flow.csv
2019-07-08 11:31:34 - CICFlowMeter received 1 pcap file
2019-07-08 11:31:40 - You select: traffic2.pcap
2019-07-08 11:31:40 - Out folder: traffic2Flow.csv
2019-07-08 11:31:40 - CICFlowMeter received 1 pcap file
2019-07-08 11:35:21 - The out folder does not exist! -> traffic1Flow.csv
2019-07-08 11:35:45 - You select: traffic1.pcap
2019-07-08 11:35:45 - Out folder: traffic1Flow.csv
2019-07-08 11:35:45 - CICFlowMeter received 1 pcap file
2019-07-08 11:36:28 - You select: traffic1.pcap
2019-07-08 11:36:28 - Out folder: traffic1Flow.csv
2019-07-08 11:36:28 - CICFlowMeter received 1 pcap file
2019-07-08 11:39:00 - You select: traffic2.pcap
2019-07-08 11:39:00 - Out folder: traffic2Flow.csv
2019-07-08 11:39:00 - CICFlowMeter received 1 pcap file
2019-07-08 11:40:57 - You select: traffic2.pcap
2019-07-08 11:40:57 - Out folder: traffic2Flow.csv
2019-07-08 11:40:58 - CICFlowMeter received 1 pcap file
2019-07-08 11:49:21 - You select: traffic1.pcap
2019-07-08 11:49:21 - Out folder: traffic1Flow.csv
2019-07-08 11:49:22 - CICFlowMeter received 1 pcap file
2019-07-08 11:50:20 - You select: traffic2.pcap
2019-07-08 11:50:20 - Out folder: traffic2Flow.csv
2019-07-08 11:50:20 - CICFlowMeter received 1 pcap file
2019-07-08 12:22:54 - You select: traffic1.pcap
2019-07-08 12:22:54 - Out folder: traffic1Flow.csv
2019-07-08 12:22:54 - CICFlowMeter received 1 pcap file
2019-07-08 12:28:12 - You select: traffic1.pcap
2019-07-08 12:28:12 - Out folder: traffic1Flow.csv
2019-07-08 12:28:12 - CICFlowMeter received 1 pcap file
2019-07-08 12:33:00 - The out folder does not exist! -> traffic1Flow.csv
2019-07-08 12:33:53 - The out folder does not exist! -> traffic2Flow.csv
2019-07-08 12:34:38 - The out folder does not exist! -> traffic2Flow.csv
2019-07-08 12:42:25 - The out folder does not exist! -> traffic2Flow.csv
2019-07-08 12:42:38 - You select: traffic2.pcap
2019-07-08 12:42:38 - Out folder: traffic2Flow.csv
2019-07-08 12:42:39 - CICFlowMeter received 1 pcap file
2019-07-08 12:42:44 - You select: traffic2.pcap
2019-07-08 12:42:44 - Out folder: traffic2Flow.csv
2019-07-08 12:42:44 - CICFlowMeter received 1 pcap file
2019-07-08 12:47:13 - You select: traffic2.pcap
2019-07-08 12:47:13 - Out folder: traffic2Flow.csv
2019-07-08 12:47:13 - CICFlowMeter received 1 pcap file
2019-07-08 12:58:52 - You select: traffic2.pcap
2019-07-08 12:58:52 - Out folder: traffic2Flow.csv
2019-07-08 12:58:52 - CICFlowMeter received 1 pcap file
2019-07-08 12:59:03 - You select: traffic2.pcap
2019-07-08 12:59:03 - Out folder: traffic2Flow
2019-07-08 12:59:03 - CICFlowMeter received 1 pcap file
2019-07-08 12:59:27 - You select: traffic2.pcap
2019-07-08 12:59:27 - Out folder: traffic.csv
2019-07-08 12:59:27 - CICFlowMeter received 1 pcap file
2019-07-08 12:59:46 - You select: traffic2.pcap
2019-07-08 12:59:46 - Out folder: traffic.csv
2019-07-08 12:59:46 - CICFlowMeter received 1 pcap file
2019-07-08 12:59:56 - You select: traffic1.pcap
2019-07-08 12:59:56 - Out folder: traffic.csv
2019-07-08 12:59:56 - CICFlowMeter received 1 pcap file
2019-07-08 13:02:46 - You select: traffic1.pcap
2019-07-08 13:02:46 - Out folder: traffic.csv
2019-07-08 13:02:46 - CICFlowMeter received 1 pcap file
2019-07-08 13:04:22 - You select: traffic1.pcap
2019-07-08 13:04:22 - Out folder: traffic.csv
2019-07-08 13:04:22 - CICFlowMeter received 1 pcap file
2019-07-08 13:05:44 - The pcap file or folder does not exist! -> traffic.csv.pcap
2019-07-08 13:06:38 - The pcap file or folder does not exist! -> traffic.csv.pcap
2019-07-08 13:07:06 - You select: traffic1.pcap
2019-07-08 13:07:06 - Out folder: traffic.csv
2019-07-08 13:07:06 - CICFlowMeter received 1 pcap file
2019-07-08 13:07:12 - You select: traffic2.pcap
2019-07-08 13:07:12 - Out folder: traffic.csv
2019-07-08 13:07:12 - CICFlowMeter received 1 pcap file
2019-07-08 13:09:54 - You select: traffic2.pcap
2019-07-08 13:09:54 - Out folder: traffic.csv
2019-07-08 13:09:54 - CICFlowMeter received 1 pcap file
2019-07-08 13:16:42 - Pcap is listening...
2019-07-08 13:17:44 - Pcap stop listening
2019-07-08 13:17:44 - path:/home/oana/Desktop/thesis/Thesis/Actual code/CICFlowMeter-4.0/bin/data/daily/2019-07-08_Flow.csv
2019-07-08 13:17:55 - path:/home/oana/Desktop/thesis/Thesis/Actual code/CICFlowMeter-4.0/bin/data/daily/2019-07-08_Flow.csv
2019-07-08 13:18:35 - You select: traffic1.pcap
2019-07-08 13:18:35 - Out folder: traffic.csv
2019-07-08 13:18:35 - CICFlowMeter received 1 pcap file
2019-07-08 13:18:40 - You select: traffic2.pcap
2019-07-08 13:18:40 - Out folder: traffic.csv
2019-07-08 13:18:40 - CICFlowMeter received 1 pcap file
2019-07-08 13:21:09 - Pcap is listening...
2019-07-08 13:22:12 - You select: traffic1.pcap
2019-07-08 13:22:12 - Out folder: traffic.csv
2019-07-08 13:22:13 - CICFlowMeter received 1 pcap file
2019-07-08 13:22:20 - Pcap stop listening
2019-07-08 13:22:20 - path:/home/oana/Desktop/thesis/Thesis/Actual code/CICFlowMeter-4.0/bin/data/daily/2019-07-08_Flow.csv
2019-07-08 13:22:50 - You select: traffic1.pcap
2019-07-08 13:22:50 - Out folder: traffic.csv
2019-07-08 13:22:50 - CICFlowMeter received 1 pcap file
2019-07-08 13:23:03 - You select: traffic2.pcap
2019-07-08 13:23:03 - Out folder: traffic.csv
2019-07-08 13:23:03 - CICFlowMeter received 1 pcap file
2019-07-08 13:23:30 - You select: traffic1.pcap
2019-07-08 13:23:30 - Out folder: traffic.csv
2019-07-08 13:23:30 - CICFlowMeter received 1 pcap file
2019-07-08 13:47:26 - You select: traffic1.pcap
2019-07-08 13:47:26 - Out folder: traffic.csv
2019-07-08 13:47:26 - CICFlowMeter received 1 pcap file
2019-07-08 13:47:37 - You select: traffic1.pcap
2019-07-08 13:47:37 - Out folder: traffic.csv
2019-07-08 13:47:37 - CICFlowMeter received 1 pcap file
2019-07-08 13:54:03 - You select: traffic1.pcap
2019-07-08 13:54:03 - Out folder: traffic.csv
2019-07-08 13:54:03 - CICFlowMeter received 1 pcap file
2019-07-08 14:20:41 - Pcap is listening...
2019-07-08 14:21:44 - Pcap stop listening
2019-07-08 14:21:44 - path:/home/oana/Desktop/thesis/Thesis/Actual code/CICFlowMeter-4.0/bin/data/daily/2019-07-08_Flow.csv
2019-07-08 14:22:13 - You select: traffic2.pcap
2019-07-08 14:22:13 - Out folder: traffic.csv
2019-07-08 14:22:13 - CICFlowMeter received 1 pcap file
2019-07-08 14:24:22 - path:/home/oana/Desktop/thesis/Thesis/Actual code/CICFlowMeter-4.0/bin/data/daily/2019-07-08_Flow.csv
2019-08-13 13:02:04 - Pcap is listening...
2019-08-13 13:51:41 - Pcap is listening...
2019-08-13 13:52:16 - Pcap is listening...
2019-08-13 13:52:45 - Pcap is listening...
2019-08-13 13:53:10 - Pcap is listening...
2019-08-13 13:53:10 - Pcap is listening...
2019-08-13 13:57:06 - Pcap is listening...
2019-08-13 13:57:06 - Pcap is listening...
2019-08-13 13:57:34 - Pcap is listening...
2019-08-13 13:57:35 - Pcap is listening...
2019-08-13 13:58:01 - Pcap is listening...
2019-08-13 13:58:01 - Pcap is listening...
2019-08-13 13:58:01 - Pcap is listening...
2019-08-13 14:03:45 - Pcap is listening...
2019-08-13 14:03:45 - Pcap is listening...
2019-08-13 14:03:45 - Pcap is listening...
2019-08-13 14:10:35 - Pcap is listening...
2019-08-13 14:10:35 - Pcap is listening...
2019-08-13 14:10:36 - Pcap is listening...
2019-08-13 14:10:36 - Pcap stop listening
2019-08-13 14:10:36 - path:/home/oana/Desktop/thesis/Thesis/Actual code/CICFlowMeter-4.0/bin/data/daily/2019-08-13_Flow.csv
2019-08-13 14:11:27 - Pcap is listening...
2019-08-13 14:11:27 - Pcap is listening...
2019-08-13 14:11:28 - Pcap is listening...
2019-08-13 14:11:28 - Pcap stop listening
2019-08-13 14:11:28 - path:/home/oana/Desktop/thesis/Thesis/Actual code/CICFlowMeter-4.0/bin/data/daily/2019-08-13_Flow.csv
2019-08-13 14:11:53 - Pcap is listening...
2019-08-13 14:11:53 - Pcap is listening...
2019-08-13 14:11:54 - Pcap is listening...
2019-08-13 14:11:54 - Pcap stop listening
2019-08-13 14:11:54 - path:/home/oana/Desktop/thesis/Thesis/Actual code/CICFlowMeter-4.0/bin/data/daily/2019-08-13_Flow.csv
2019-08-13 14:22:47 - Pcap stop listening
2019-08-13 14:22:47 - path:/home/oana/Desktop/thesis/Thesis/Actual code/CICFlowMeter-4.0/bin/data/daily/2019-08-13_Flow.csv
2019-08-13 14:24:34 - Pcap is listening...
2019-08-13 14:24:34 - Pcap is listening...
2019-08-13 14:24:35 - Pcap is listening...
2019-08-13 14:25:38 - Pcap stop listening
2019-08-13 14:25:38 - path:/home/oana/Desktop/thesis/Thesis/Actual code/CICFlowMeter-4.0/bin/data/daily/2019-08-13_Flow.csv
2019-08-13 14:32:00 - Pcap stop listening
2019-08-13 14:32:00 - path:/home/oana/Desktop/thesis/Thesis/Actual code/CICFlowMeter-4.0/bin/data/daily/2019-08-13_Flow.csv
2019-08-13 14:32:59 - Pcap is listening...
2019-08-13 14:32:59 - Pcap is listening...
2019-08-13 14:32:59 - Pcap is listening...
2019-08-13 14:33:59 - Pcap stop listening
2019-08-13 14:33:59 - path:/home/oana/Desktop/thesis/Thesis/Actual code/CICFlowMeter-4.0/bin/data/daily/2019-08-13_Flow.csv
2019-08-13 14:34:31 - path:/home/oana/Desktop/thesis/Thesis/Actual code/CICFlowMeter-4.0/bin/data/daily/2019-08-13_Flow.csv
2019-08-13 14:40:18 - Pcap is listening...
2019-08-13 14:40:18 - Pcap is listening...
2019-08-13 14:40:19 - Pcap is listening...
2019-08-13 14:41:19 - Pcap stop listening
2019-08-13 14:41:19 - path:/home/oana/Desktop/thesis/Thesis/Actual code/CICFlowMeter-4.0/bin/data/daily/2019-08-13_Flow.csv
2019-08-13 14:52:13 - Pcap is listening...
2019-08-13 14:52:14 - Pcap is listening...
2019-08-13 14:52:14 - Pcap is listening...
2019-08-13 14:54:14 - Pcap stop listening
2019-08-13 14:54:14 - path:/home/oana/Desktop/thesis/Thesis/Actual code/CICFlowMeter-4.0/bin/data/daily/2019-08-13_Flow.csv
2019-08-13 14:54:14 - path:/home/oana/Desktop/thesis/Thesis/Actual code/CICFlowMeter-4.0/bin/data/daily/2019-08-13_Flow.csv
2019-08-13 14:54:25 - path:/home/oana/Desktop/thesis/Thesis/Actual code/CICFlowMeter-4.0/bin/data/daily/2019-08-13_Flow.csv
2019-08-13 14:54:27 - path:/home/oana/Desktop/thesis/Thesis/Actual code/CICFlowMeter-4.0/bin/data/daily/2019-08-13_Flow.csv
2019-08-13 14:54:28 - Pcap is listening...
2019-08-13 14:55:16 - Pcap stop listening
2019-08-13 14:55:16 - path:/home/oana/Desktop/thesis/Thesis/Actual code/CICFlowMeter-4.0/bin/data/daily/2019-08-13_Flow.csv
2019-08-13 14:56:43 - Pcap is listening...
2019-08-13 14:56:43 - Pcap is listening...
2019-08-13 14:56:43 - Pcap is listening...
2019-08-13 15:01:43 - Pcap stop listening
2019-08-13 15:01:43 - path:/home/oana/Desktop/thesis/Thesis/Actual code/CICFlowMeter-4.0/bin/data/daily/2019-08-13_Flow.csv
2019-08-13 15:02:41 - Pcap is listening...
2019-08-13 15:02:41 - Pcap is listening...
2019-08-13 15:02:42 - Pcap is listening...
2019-08-13 15:07:42 - Pcap stop listening
2019-08-13 15:07:42 - path:/home/oana/Desktop/thesis/Thesis/Actual code/CICFlowMeter-4.0/bin/data/daily/2019-08-13_Flow.csv
2019-08-13 15:09:07 - path:/home/oana/Desktop/thesis/Thesis/Actual code/CICFlowMeter-4.0/bin/data/daily/2019-08-13_Flow.csv
2019-08-13 15:40:41 - Pcap is listening...
2019-08-13 15:40:42 - Pcap is listening...
2019-08-13 15:40:42 - Pcap is listening...
2019-08-13 15:45:42 - Pcap stop listening
2019-08-13 15:45:42 - path:/home/oana/Desktop/thesis/Thesis/Actual code/CICFlowMeter-4.0/bin/data/daily/2019-08-13_Flow.csv
2019-08-13 15:46:52 - path:/home/oana/Desktop/thesis/Thesis/Actual code/CICFlowMeter-4.0/bin/data/daily/2019-08-13_Flow.csv
2019-08-13 15:47:00 - path:/home/oana/Desktop/thesis/Thesis/Actual code/CICFlowMeter-4.0/bin/data/daily/2019-08-13_Flow.csv
2019-08-13 16:05:15 - Pcap is listening...
2019-08-13 16:05:15 - Pcap is listening...
2019-08-13 16:05:23 - Pcap is listening...
2019-08-13 16:10:15 - Pcap stop listening
2019-08-13 16:10:15 - path:/home/oana/Desktop/thesis/Thesis/Actual code/CICFlowMeter-4.0/bin/data/daily/2019-08-13_Flow.csv
2019-08-13 16:10:26 - Pcap stop listening
2019-08-13 16:10:26 - path:/home/oana/Desktop/thesis/Thesis/Actual code/CICFlowMeter-4.0/bin/data/daily/2019-08-13_Flow.csv
2019-08-13 16:40:54 - Pcap is listening...
2019-08-13 16:40:55 - Pcap is listening...
2019-08-13 16:40:55 - Pcap is listening...
2019-08-13 16:45:55 - Pcap stop listening
2019-08-13 16:45:55 - path:/home/oana/Desktop/thesis/Thesis/Actual code/CICFlowMeter-4.0/bin/data/daily/2019-08-13_Flow.csv
2019-08-13 16:46:05 - Pcap stop listening
2019-08-13 16:46:05 - path:/home/oana/Desktop/thesis/Thesis/Actual code/CICFlowMeter-4.0/bin/data/daily/2019-08-13_Flow.csv
2019-08-13 16:47:24 - Pcap is listening...
2019-08-13 16:47:24 - Pcap is listening...
2019-08-13 16:47:24 - Pcap is listening...
2019-08-13 16:52:25 - Pcap stop listening
2019-08-13 16:52:26 - path:/home/oana/Desktop/thesis/Thesis/Actual code/CICFlowMeter-4.0/bin/data/daily/2019-08-13_Flow.csv
2019-08-13 16:52:35 - Pcap stop listening
2019-08-13 16:52:35 - path:/home/oana/Desktop/thesis/Thesis/Actual code/CICFlowMeter-4.0/bin/data/daily/2019-08-13_Flow.csv
2019-08-13 18:01:32 - Pcap is listening...
2019-08-13 18:01:32 - Pcap is listening...
2019-08-13 18:01:33 - Pcap is listening...
2019-08-13 18:06:33 - Pcap stop listening
2019-08-13 18:06:33 - path:/home/oana/Desktop/thesis/Thesis/Actual code/CICFlowMeter-4.0/bin/data/daily/2019-08-13_Flow.csv
2019-08-13 18:06:39 - Pcap stop listening
2019-08-13 18:06:39 - path:/home/oana/Desktop/thesis/Thesis/Actual code/CICFlowMeter-4.0/bin/data/daily/2019-08-13_Flow.csv
2019-08-13 18:09:05 - path:/home/oana/Desktop/thesis/Thesis/Actual code/CICFlowMeter-4.0/bin/data/daily/2019-08-13_Flow.csv
2019-08-13 18:09:08 - path:/home/oana/Desktop/thesis/Thesis/Actual code/CICFlowMeter-4.0/bin/data/daily/2019-08-13_Flow.csv
2019-08-13 18:14:50 - Pcap is listening...
2019-08-13 18:26:10 - Pcap stop listening
2019-08-13 18:26:10 - path:/home/oana/Desktop/thesis/Thesis/Actual code/CICFlowMeter-4.0/bin/data/daily/2019-08-13_Flow.csv
2019-08-13 18:43:39 - Pcap is listening...
2019-08-13 18:43:40 - Pcap is listening...
2019-08-13 18:44:41 - Pcap stop listening
2019-08-13 18:44:41 - path:/home/oana/Desktop/thesis/Thesis/Actual code/CICFlowMeter-4.0/bin/data/daily/2019-08-13_Flow.csv
2019-08-13 18:44:44 - Pcap is listening...
2019-08-13 18:45:43 - Pcap stop listening
2019-08-13 18:45:43 - path:/home/oana/Desktop/thesis/Thesis/Actual code/CICFlowMeter-4.0/bin/data/daily/2019-08-13_Flow.csv
2019-08-13 18:45:46 - Pcap is listening...
2019-08-13 18:46:41 - Pcap stop listening
2019-08-13 18:46:41 - path:/home/oana/Desktop/thesis/Thesis/Actual code/CICFlowMeter-4.0/bin/data/daily/2019-08-13_Flow.csv
2019-08-13 18:46:43 - Pcap is listening...
2019-08-13 18:47:46 - Pcap stop listening
2019-08-13 18:47:46 - path:/home/oana/Desktop/thesis/Thesis/Actual code/CICFlowMeter-4.0/bin/data/daily/2019-08-13_Flow.csv
2019-08-13 18:47:50 - Pcap is listening...
2019-08-13 18:48:46 - Pcap stop listening
2019-08-13 18:48:46 - path:/home/oana/Desktop/thesis/Thesis/Actual code/CICFlowMeter-4.0/bin/data/daily/2019-08-13_Flow.csv
2019-08-13 18:48:48 - Pcap is listening...
2019-08-13 18:49:48 - Pcap stop listening
2019-08-13 18:49:48 - path:/home/oana/Desktop/thesis/Thesis/Actual code/CICFlowMeter-4.0/bin/data/daily/2019-08-13_Flow.csv
2019-08-13 18:49:49 - Pcap stop listening
2019-08-13 18:49:49 - path:/home/oana/Desktop/thesis/Thesis/Actual code/CICFlowMeter-4.0/bin/data/daily/2019-08-13_Flow.csv
2019-08-13 18:59:03 - Pcap is listening...
2019-08-13 18:59:04 - Pcap is listening...
2019-08-13 19:00:06 - Pcap stop listening
2019-08-13 19:00:06 - path:/home/oana/Desktop/thesis/Thesis/Actual code/CICFlowMeter-4.0/bin/data/daily/2019-08-13_Flow.csv
2019-08-13 19:00:07 - Pcap is listening...
2019-08-13 19:01:06 - Pcap stop listening
2019-08-13 19:01:06 - path:/home/oana/Desktop/thesis/Thesis/Actual code/CICFlowMeter-4.0/bin/data/daily/2019-08-13_Flow.csv
2019-08-13 19:01:08 - Pcap is listening...
2019-08-13 19:02:03 - Pcap stop listening
2019-08-13 19:02:03 - path:/home/oana/Desktop/thesis/Thesis/Actual code/CICFlowMeter-4.0/bin/data/daily/2019-08-13_Flow.csv
2019-08-13 19:02:06 - Pcap is listening...
2019-08-13 19:03:12 - Pcap stop listening
2019-08-13 19:03:12 - path:/home/oana/Desktop/thesis/Thesis/Actual code/CICFlowMeter-4.0/bin/data/daily/2019-08-13_Flow.csv
2019-08-13 19:03:14 - Pcap is listening...
2019-08-13 19:07:19 - Pcap stop listening
2019-08-13 19:07:19 - path:/home/oana/Desktop/thesis/Thesis/Actual code/CICFlowMeter-4.0/bin/data/daily/2019-08-13_Flow.csv
2019-08-13 19:07:22 - Pcap stop listening
2019-08-13 19:07:22 - path:/home/oana/Desktop/thesis/Thesis/Actual code/CICFlowMeter-4.0/bin/data/daily/2019-08-13_Flow.csv
2019-08-13 19:10:03 - Pcap is listening...
2019-08-13 19:10:03 - Pcap is listening...
2019-08-13 19:10:04 - Pcap is listening...
2019-08-13 19:12:19 - Pcap is listening...
2019-08-13 19:15:04 - Pcap stop listening
2019-08-13 19:15:04 - path:/home/oana/Desktop/thesis/Thesis/Actual code/CICFlowMeter-4.0/bin/data/daily/2019-08-13_Flow.csv
2019-08-13 19:15:10 - Pcap stop listening
2019-08-13 19:15:10 - path:/home/oana/Desktop/thesis/Thesis/Actual code/CICFlowMeter-4.0/bin/data/daily/2019-08-13_Flow.csv
2019-08-13 19:28:19 - Pcap is listening...
2019-08-13 19:28:19 - Pcap is listening...
2019-08-13 19:28:20 - Pcap is listening...
2019-08-13 19:30:20 - Pcap stop listening
2019-08-13 19:30:20 - path:/home/oana/Desktop/thesis/Thesis/Actual code/CICFlowMeter-4.0/bin/data/daily/2019-08-13_Flow.csv
2019-08-13 19:30:26 - Pcap stop listening
2019-08-13 19:30:26 - path:/home/oana/Desktop/thesis/Thesis/Actual code/CICFlowMeter-4.0/bin/data/daily/2019-08-13_Flow.csv
2019-08-13 19:30:27 - Pcap stop listening
2019-08-13 19:30:27 - path:/home/oana/Desktop/thesis/Thesis/Actual code/CICFlowMeter-4.0/bin/data/daily/2019-08-13_Flow.csv
2019-08-13 19:38:37 - Pcap is listening...
2019-08-13 19:38:37 - Pcap is listening...
2019-08-13 19:38:38 - Pcap is listening...
2019-08-13 19:40:38 - Pcap stop listening
2019-08-13 19:40:38 - path:/home/oana/Desktop/thesis/Thesis/Actual code/CICFlowMeter-4.0/bin/data/daily/2019-08-13_Flow.csv
2019-08-13 19:40:44 - Pcap stop listening
2019-08-13 19:40:44 - path:/home/oana/Desktop/thesis/Thesis/Actual code/CICFlowMeter-4.0/bin/data/daily/2019-08-13_Flow.csv
2019-08-13 19:40:45 - Pcap stop listening
2019-08-13 19:40:45 - path:/home/oana/Desktop/thesis/Thesis/Actual code/CICFlowMeter-4.0/bin/data/daily/2019-08-13_Flow.csv
2019-08-13 19:41:30 - Pcap is listening...
2019-08-13 19:41:30 - Pcap is listening...
2019-08-13 19:41:31 - Pcap is listening...
2019-08-13 19:43:31 - Pcap stop listening
2019-08-13 19:43:31 - path:/home/oana/Desktop/thesis/Thesis/Actual code/CICFlowMeter-4.0/bin/data/daily/2019-08-13_Flow.csv
2019-08-13 19:43:31 - path:/home/oana/Desktop/thesis/Thesis/Actual code/CICFlowMeter-4.0/bin/data/daily/2019-08-13_Flow.csv
2019-08-13 19:43:37 - Pcap stop listening
2019-08-13 19:43:37 - path:/home/oana/Desktop/thesis/Thesis/Actual code/CICFlowMeter-4.0/bin/data/daily/2019-08-13_Flow.csv
2019-08-13 19:43:37 - path:/home/oana/Desktop/thesis/Thesis/Actual code/CICFlowMeter-4.0/bin/data/daily/2019-08-13_Flow.csv
2019-08-13 19:43:38 - Pcap stop listening
2019-08-13 19:43:38 - path:/home/oana/Desktop/thesis/Thesis/Actual code/CICFlowMeter-4.0/bin/data/daily/2019-08-13_Flow.csv
2019-08-13 19:43:39 - path:/home/oana/Desktop/thesis/Thesis/Actual code/CICFlowMeter-4.0/bin/data/daily/2019-08-13_Flow.csv
2019-08-21 22:40:23 - Pcap is listening...
2019-08-21 22:40:33 - Pcap is listening...
2019-08-21 22:40:41 - Pcap is listening...
2019-08-21 22:45:43 - Pcap is listening...
2019-08-21 22:45:43 - Pcap is listening...
2019-08-21 22:45:44 - Pcap is listening...
2019-08-21 22:46:43 - Pcap stop listening
2019-08-21 22:46:43 - path:/home/oana/Desktop/thesis/Thesis/Actual code/CICFlowMeter-4.0/bin/data/daily/2019-08-21_Flow.csv
2019-08-21 22:46:44 - path:/home/oana/Desktop/thesis/Thesis/Actual code/CICFlowMeter-4.0/bin/data/daily/2019-08-21_Flow.csv
2019-08-21 22:46:45 - Pcap is listening...
2019-08-21 22:47:17 - Pcap stop listening
2019-08-21 22:47:17 - path:/home/oana/Desktop/thesis/Thesis/Actual code/CICFlowMeter-4.0/bin/data/daily/2019-08-21_Flow.csv
2019-08-21 22:47:20 - Pcap is listening...
2019-08-21 22:47:45 - Pcap is listening...
2019-08-21 22:47:45 - Pcap is listening...
2019-08-21 22:47:46 - Pcap is listening...
2019-08-21 22:48:45 - Pcap stop listening
2019-08-21 22:48:45 - path:/home/oana/Desktop/thesis/Thesis/Actual code/CICFlowMeter-4.0/bin/data/daily/2019-08-21_Flow.csv
2019-08-21 22:48:46 - path:/home/oana/Desktop/thesis/Thesis/Actual code/CICFlowMeter-4.0/bin/data/daily/2019-08-21_Flow.csv
2019-08-21 22:48:47 - Pcap is listening...
2019-08-22 14:17:01 - Pcap is listening...
2019-08-22 14:17:33 - Pcap stop listening
2019-08-22 14:17:33 - path:/home/oana/Desktop/thesis/Thesis/Actual code/CICFlowMeter-4.0/bin/data/daily/2019-08-22_Flow.csv
2019-08-22 14:17:34 - path:/home/oana/Desktop/thesis/Thesis/Actual code/CICFlowMeter-4.0/bin/data/daily/2019-08-22_Flow.csv
2019-08-22 14:17:34 - path:/home/oana/Desktop/thesis/Thesis/Actual code/CICFlowMeter-4.0/bin/data/daily/2019-08-22_Flow.csv
2019-08-22 14:17:35 - path:/home/oana/Desktop/thesis/Thesis/Actual code/CICFlowMeter-4.0/bin/data/daily/2019-08-22_Flow.csv
2019-08-22 14:23:17 - Pcap is listening...
2019-08-22 14:26:03 - Pcap is listening...
2019-08-22 14:34:53 - Pcap is listening...
2019-08-22 14:35:11 - Pcap stop listening
2019-08-22 14:35:11 - path:/home/oana/Desktop/thesis/Thesis/Actual code/CICFlowMeter-4.0/bin/data/daily/2019-08-22_Flow.csv
2019-08-22 14:35:13 - Pcap is listening...
2019-08-22 14:51:44 - Pcap stop listening
2019-08-22 14:51:44 - path:/home/oana/Desktop/thesis/Thesis/Actual code/CICFlowMeter-4.0/bin/data/daily/2019-08-22_Flow.csv
2019-08-22 16:02:45 - Pcap is listening...
2019-08-22 16:06:49 - Pcap is listening...
2019-08-22 16:06:57 - Pcap stop listening
2019-08-22 16:06:57 - path:/home/oana/Desktop/thesis/Thesis/Actual code/CICFlowMeter-4.0/bin/data/daily/2019-08-22_Flow.csv
2019-08-22 16:07:01 - Pcap is listening...
2019-08-22 16:11:35 - Pcap is listening...
2019-08-22 16:11:44 - Pcap stop listening
2019-08-22 16:11:44 - path:/home/oana/Desktop/thesis/Thesis/Actual code/CICFlowMeter-4.0/bin/data/daily/2019-08-22_Flow.csv
2019-08-22 16:12:53 - Pcap is listening...
2019-08-22 16:13:17 - Pcap is listening...
2019-08-22 16:16:04 - Pcap is listening...
2019-08-22 16:19:42 - Pcap stop listening
2019-08-22 16:19:42 - path:/home/oana/Desktop/thesis/Thesis/Actual code/CICFlowMeter-4.0/bin/data/daily/2019-08-22_Flow.csv
2019-08-22 16:21:29 - Pcap is listening...
2019-08-22 16:24:06 - Pcap stop listening
2019-08-22 16:24:06 - path:/home/oana/Desktop/thesis/Thesis/Actual code/CICFlowMeter-4.0/bin/data/daily/2019-08-22_Flow.csv
2019-08-22 16:26:47 - Pcap is listening...
2019-08-22 16:28:35 - Pcap is listening...
2019-08-22 16:29:09 - Pcap stop listening
2019-08-22 16:29:09 - path:/home/oana/Desktop/thesis/Thesis/Actual code/CICFlowMeter-4.0/bin/data/daily/2019-08-22_Flow.csv
2019-08-22 16:41:08 - Pcap is listening...
2019-08-22 16:43:05 - Pcap is listening...
2019-08-22 16:43:48 - Pcap is listening...
2019-08-22 16:48:51 - Pcap is listening...
2019-08-22 16:50:13 - Pcap is listening...
2019-08-22 16:54:59 - Pcap is listening...
2019-08-22 17:09:48 - Pcap is listening...
2019-08-22 18:06:55 - Pcap is listening...
2019-08-22 18:38:37 - Pcap is listening...
2019-08-22 18:42:50 - Pcap is listening...
2019-08-23 11:45:25 - Pcap is listening...
2019-08-23 11:51:13 - Pcap is listening...
2019-08-23 11:52:52 - Pcap is listening...
2019-08-23 11:53:43 - Pcap is listening...
2019-08-23 11:54:26 - Pcap is listening...
2019-08-23 11:55:38 - Pcap is listening...
2019-08-23 11:56:07 - Pcap is listening...
2019-08-23 12:03:35 - Pcap is listening...
2019-08-23 12:05:00 - Pcap is listening...
2019-08-23 14:13:27 - Pcap is listening...
2019-08-23 14:30:22 - Pcap is listening...
2019-08-23 14:30:23 - Pcap stop listening
2019-08-23 14:30:23 - path:/home/oana/Desktop/thesis/Thesis/Actual code/CICFlowMeter-4.0/bin/data/daily/2019-08-23_Flow.csv
2019-08-23 14:30:25 - Pcap is listening...
2019-08-23 14:32:03 - Pcap is listening...
2019-08-23 14:37:16 - Pcap is listening...
2019-08-23 14:41:01 - Pcap is listening...
2019-08-23 14:42:35 - Pcap is listening...
2019-08-23 14:44:08 - Pcap is listening...
2019-08-23 14:47:21 - Pcap is listening...
2019-08-23 14:50:29 - Pcap is listening...
2019-08-23 14:51:40 - Pcap is listening...
2019-08-23 14:59:27 - Pcap is listening...
2019-08-23 15:01:24 - Pcap is listening...
2019-08-23 15:04:07 - Pcap is listening...
2019-08-23 15:07:02 - Pcap is listening...
2019-08-23 15:11:55 - Pcap is listening...
2019-08-23 15:13:32 - Pcap is listening...
2019-08-23 15:20:20 - Pcap is listening...
2019-08-23 15:21:25 - Pcap is listening...
2019-08-23 15:24:47 - Pcap is listening...
2019-08-23 15:28:18 - Pcap is listening...
2019-08-23 15:29:48 - Pcap is listening...
2019-08-23 15:33:48 - Pcap is listening...
2019-08-23 15:36:02 - Pcap is listening...
2019-08-23 15:42:51 - Pcap is listening...
2019-08-23 15:44:16 - Pcap is listening...
2019-08-23 16:04:00 - Pcap is listening...
2019-08-23 16:12:45 - Pcap is listening...
2019-08-23 16:14:17 - Pcap is listening...
2019-08-23 16:15:47 - Pcap is listening...
2019-08-23 16:16:38 - Pcap is listening...
2019-08-23 16:20:00 - Pcap is listening...
2019-08-23 16:20:14 - Pcap stop listening
2019-08-23 16:20:14 - path:/home/oana/Desktop/thesis/Thesis/Actual code/CICFlowMeter-4.0/bin/data/daily/2019-08-23_Flow.csv
2019-08-23 16:21:47 - Pcap is listening...
2019-08-23 16:23:09 - Pcap is listening...
2019-08-23 16:25:43 - Pcap is listening...
2019-08-23 16:29:10 - Pcap is listening...
2019-08-23 16:31:06 - Pcap is listening...
2019-08-23 16:33:46 - Pcap is listening...
2019-08-23 16:35:05 - Pcap is listening...
2019-08-23 16:39:59 - Pcap is listening...
2019-08-23 16:42:38 - Pcap is listening...
2019-08-23 16:45:27 - Pcap is listening...
2019-08-23 16:48:40 - Pcap is listening...
2019-08-23 16:51:36 - Pcap is listening...
2019-08-23 16:58:23 - Pcap is listening...
2019-08-23 17:04:34 - Pcap is listening...
2019-08-23 17:10:09 - Pcap is listening...
2019-08-23 17:21:28 - Pcap is listening...
2019-08-23 17:24:26 - Pcap is listening...
2019-08-23 17:24:48 - Pcap stop listening
2019-08-23 17:24:48 - path:/home/oana/Desktop/thesis/Thesis/Actual code/CICFlowMeter-4.0/bin/data/daily/2019-08-23_Flow.csv
2019-08-23 17:25:52 - Pcap is listening...
2019-08-23 17:28:18 - Pcap is listening...
2019-08-23 17:32:10 - Pcap is listening...
2019-08-23 17:38:19 - Pcap is listening...
2019-08-23 17:56:10 - Pcap is listening...
2019-08-23 17:58:42 - Pcap is listening...
2019-08-23 18:02:57 - Pcap is listening...
2019-08-23 18:25:00 - Pcap is listening...
2019-08-23 18:46:36 - Pcap is listening...
2019-08-23 18:46:39 - Pcap stop listening
2019-08-23 18:46:39 - path:/home/oana/Desktop/thesis/Thesis/Actual code/CICFlowMeter-4.0/bin/data/daily/2019-08-23_Flow.csv
2019-08-23 18:46:39 - Pcap is listening...
2019-08-23 18:56:54 - Pcap is listening...
2019-08-23 19:07:16 - Pcap is listening...
2019-08-23 19:14:32 - Pcap is listening...
2019-08-23 21:12:59 - Pcap stop listening
2019-08-23 21:12:59 - path:/home/oana/Desktop/thesis/Thesis/Actual code/CICFlowMeter-4.0/bin/data/daily/2019-08-23_Flow.csv
2019-08-23 21:35:09 - Pcap is listening...
2019-08-27 15:24:34 - Pcap is listening...
2019-08-27 15:32:54 - Pcap is listening...
2019-08-27 15:42:49 - Pcap is listening...
2019-08-27 15:43:15 - Pcap stop listening
2019-08-27 15:43:15 - path:/home/oana/Desktop/thesis/Thesis/Actual code/CICFlowMeter-4.0/bin/data/daily/2019-08-27_Flow.csv
2019-08-27 15:44:42 - Pcap is listening...
2019-08-27 15:51:48 - Pcap is listening...
2019-08-27 15:52:44 - Pcap is listening...
2019-08-27 15:58:28 - Pcap is listening...
2019-08-27 16:08:19 - Pcap is listening...
2019-08-27 16:12:39 - Pcap is listening...
2019-08-27 16:17:55 - Pcap is listening...
2019-08-27 16:18:41 - Pcap is listening...
2019-08-27 16:19:38 - Pcap is listening...
2019-08-27 16:19:45 - Pcap stop listening
2019-08-27 16:19:45 - path:/home/oana/Desktop/thesis/Thesis/Actual code/CICFlowMeter-4.0/bin/data/daily/2019-08-27_Flow.csv
2019-08-27 16:19:47 - Pcap is listening...
2019-08-27 16:21:03 - Pcap is listening...
2019-08-27 16:26:40 - Pcap is listening...
2019-08-27 16:45:32 - Pcap is listening...
2019-08-27 18:00:22 - Pcap is listening...
2019-08-27 18:05:32 - Pcap is listening...
2019-08-27 18:08:01 - Pcap is listening...
2019-08-27 18:13:04 - Pcap is listening...
